Warning: ignoring unsupported tag `ALLOW_UNICODE_NAMES    =' at line 79, file /home/travis/build/bender-wardrobe/Recast/doxyfile
Warning: ignoring unsupported tag `GROUP_NESTED_COMPOUNDS =' at line 361, file /home/travis/build/bender-wardrobe/Recast/doxyfile
Warning: ignoring unsupported tag `HIDE_COMPOUND_REFERENCE=' at line 532, file /home/travis/build/bender-wardrobe/Recast/doxyfile
Warning: ignoring unsupported tag `WARN_AS_ERROR          =' at line 756, file /home/travis/build/bender-wardrobe/Recast/doxyfile
Warning: Tag `CLANG_ASSISTED_PARSING' at line 1072 of file /home/travis/build/bender-wardrobe/Recast/doxyfile belongs to an option that was not enabled at compile time.
To avoid this warning please remove this line from your configuration file, upgrade it using "doxygen -u", or recompile doxygen with this feature enabled.
Warning: Tag `CLANG_OPTIONS' at line 1080 of file /home/travis/build/bender-wardrobe/Recast/doxyfile belongs to an option that was not enabled at compile time.
To avoid this warning please remove this line from your configuration file, upgrade it using "doxygen -u", or recompile doxygen with this feature enabled.
Warning: ignoring unsupported tag `LATEX_EXTRA_STYLESHEET =' at line 1752, file /home/travis/build/bender-wardrobe/Recast/doxyfile
Warning: ignoring unsupported tag `LATEX_TIMESTAMP        =' at line 1819, file /home/travis/build/bender-wardrobe/Recast/doxyfile
Warning: ignoring unsupported tag `RTF_SOURCE_CODE        =' at line 1885, file /home/travis/build/bender-wardrobe/Recast/doxyfile
Warning: ignoring unsupported tag `MAN_SUBDIR             =' at line 1920, file /home/travis/build/bender-wardrobe/Recast/doxyfile
Warning: ignoring unsupported tag `DOCBOOK_PROGRAMLISTING =' at line 1983, file /home/travis/build/bender-wardrobe/Recast/doxyfile
Warning: ignoring unsupported tag `PLANTUML_JAR_PATH      =' at line 2414, file /home/travis/build/bender-wardrobe/Recast/doxyfile
Warning: ignoring unsupported tag `PLANTUML_INCLUDE_PATH  =' at line 2419, file /home/travis/build/bender-wardrobe/Recast/doxyfile
Searching for include files...
Searching for example files...
Searching for images...
Searching for dot files...
Searching for msc files...
Searching for dia files...
Searching for files to exclude
Searching for files to process...
Searching for files in directory /home/travis/build/bender-wardrobe/Recast/src
Searching for files in directory /home/travis/build/bender-wardrobe/Recast/src/core
Searching for files in directory /home/travis/build/bender-wardrobe/Recast/src/core/commands
Searching for files in directory /home/travis/build/bender-wardrobe/Recast/src/core/configs
Searching for files in directory /home/travis/build/bender-wardrobe/Recast/src/headers
Searching for files in directory /home/travis/build/bender-wardrobe/Recast/src/headers/commands
Searching for files in directory /home/travis/build/bender-wardrobe/Recast/src/headers/configs
Searching for files in directory /home/travis/build/bender-wardrobe/Recast/src/headers/models
Searching for files in directory /home/travis/build/bender-wardrobe/Recast/src/world
Searching for files in directory /home/travis/build/bender-wardrobe/Recast/src/world/models
Reading and parsing tag files
Parsing files
Preprocessing /home/travis/build/bender-wardrobe/Recast/src/core/commands/CommandManager.cpp...
Parsing file /home/travis/build/bender-wardrobe/Recast/src/core/commands/CommandManager.cpp...
Preprocessing /home/travis/build/bender-wardrobe/Recast/src/core/commands/ICommand.cpp...
Parsing file /home/travis/build/bender-wardrobe/Recast/src/core/commands/ICommand.cpp...
Preprocessing /home/travis/build/bender-wardrobe/Recast/src/core/commands/ICommandSender.cpp...
Parsing file /home/travis/build/bender-wardrobe/Recast/src/core/commands/ICommandSender.cpp...
Preprocessing /home/travis/build/bender-wardrobe/Recast/src/core/commands/StopCommand.cpp...
Parsing file /home/travis/build/bender-wardrobe/Recast/src/core/commands/StopCommand.cpp...
Preprocessing /home/travis/build/bender-wardrobe/Recast/src/core/configs/Config.cpp...
Parsing file /home/travis/build/bender-wardrobe/Recast/src/core/configs/Config.cpp...
Preprocessing /home/travis/build/bender-wardrobe/Recast/src/headers/commands/CommandManager.h...
Parsing file /home/travis/build/bender-wardrobe/Recast/src/headers/commands/CommandManager.h...
Preprocessing /home/travis/build/bender-wardrobe/Recast/src/headers/commands/ICommand.h...
Parsing file /home/travis/build/bender-wardrobe/Recast/src/headers/commands/ICommand.h...
Preprocessing /home/travis/build/bender-wardrobe/Recast/src/headers/commands/ICommandSender.h...
Parsing file /home/travis/build/bender-wardrobe/Recast/src/headers/commands/ICommandSender.h...
Preprocessing /home/travis/build/bender-wardrobe/Recast/src/headers/commands/StopCommand.h...
Parsing file /home/travis/build/bender-wardrobe/Recast/src/headers/commands/StopCommand.h...
Preprocessing /home/travis/build/bender-wardrobe/Recast/src/headers/configs/Config.h...
Parsing file /home/travis/build/bender-wardrobe/Recast/src/headers/configs/Config.h...
Preprocessing /home/travis/build/bender-wardrobe/Recast/src/headers/models/Player.h...
Parsing file /home/travis/build/bender-wardrobe/Recast/src/headers/models/Player.h...
Preprocessing /home/travis/build/bender-wardrobe/Recast/src/headers/models/Point.h...
Parsing file /home/travis/build/bender-wardrobe/Recast/src/headers/models/Point.h...
Preprocessing /home/travis/build/bender-wardrobe/Recast/src/headers/Server.h...
Parsing file /home/travis/build/bender-wardrobe/Recast/src/headers/Server.h...
Preprocessing /home/travis/build/bender-wardrobe/Recast/src/Main.cpp...
Parsing file /home/travis/build/bender-wardrobe/Recast/src/Main.cpp...
Preprocessing /home/travis/build/bender-wardrobe/Recast/src/Server.cpp...
Parsing file /home/travis/build/bender-wardrobe/Recast/src/Server.cpp...
Preprocessing /home/travis/build/bender-wardrobe/Recast/src/world/models/Player.cpp...
Parsing file /home/travis/build/bender-wardrobe/Recast/src/world/models/Player.cpp...
Preprocessing /home/travis/build/bender-wardrobe/Recast/src/world/models/Point.cpp...
Parsing file /home/trav/home/travis/build/bender-wardrobe/Recast/src/headers/commands/StopCommand.h:10: warning: Example stop was already documented. Ignoring documentation found here.
/home/travis/build/bender-wardrobe/Recast/src/headers/commands/ICommandSender.h:10: warning: Compound ICommandSender is not documented.
/home/travis/build/bender-wardrobe/Recast/src/headers/commands/StopCommand.h:12: warning: Compound StopCommand is not documented.
/home/travis/build/bender-wardrobe/Recast/src/core/configs/Config.cpp:33: warning: no matching class member found for 
  Config::Config(const string &filename)
Possible candidates:
  Config::Config(const std::string &filename)
  Config::Config(const Config &other)=delete

/home/travis/build/bender-wardrobe/Recast/src/headers/commands/ICommand.h:29: warning: included file On is not found. Check your EXAMPLE_PATH
/home/travis/build/bender-wardrobe/Recast/src/core/commands/CommandManager.cpp:21: warning: included file stop is not found. Check your EXAMPLE_PATH
/home/travis/build/bender-wardrobe/Recast/src/core/commands/CommandManager.cpp:4: warning: Found unknown command `\project'
/home/travis/build/bender-wardrobe/Recast/src/core/commands/ICommand.cpp:4: warning: Found unknown command `\project'
/home/travis/build/bender-wardrobe/Recast/src/core/commands/ICommandSender.cpp:4: warning: Found unknown command `\project'
/home/travis/build/bender-wardrobe/Recast/src/core/configs/Config.cpp:22: warning: Member DEFAULT_FOLDER("./config/") (function) of file Config.cpp is not documented.
/home/travis/build/bender-wardrobe/Recast/src/core/configs/Config.cpp:23: warning: Member DEFAULT_CONFIG("general.json") (function) of file Config.cpp is not documented.
/home/travis/build/bender-wardrobe/Recast/src/core/configs/Config.cpp:21: warning: Member CONFIG_VERSION (variable) of file Config.cpp is not documented.
/home/travis/build/bender-wardrobe/Recast/src/core/configs/Config.cpp:4: warning: Found unknown command `\project'
/home/travis/build/bender-wardrobe/Recast/src/headers/commands/CommandManager.h:4: warning: Found unknown command `\project'
/home/travis/build/bender-wardrobe/Recast/src/headers/commands/ICommand.h:4: warning: Found unknown command `\project'
/home/travis/build/bender-wardrobe/Recast/src/headers/configs/Config.h:4: warning: Found unknown command `\project'
/home/travis/build/bender-wardrobe/Recast/src/headers/models/Player.h:4: warning: Found unknown command `\project'
/home/travis/build/bender-wardrobe/Recast/src/headers/Server.h:4: warning: Found unknown command `\project'
/home/travis/build/bender-wardrobe/Recast/src/Server.cpp:26: warning: Member initLogger() (function) of file Server.cpp is not documented.
/home/travis/build/bender-wardrobe/Recast/src/Server.cpp:4: warning: Found unknown command `\project'
/home/travis/build/bender-wardrobe/Recast/src/Server.cpp:5: warning: Found unknown command `\email'
/home/travis/build/bender-wardrobe/Recast/src/world/models/Player.cpp:4: warning: Found unknown command `\project'
/home/travis/build/bender-wardrobe/Recast/src/world/models/Point.cpp:4: warning: Found unknown command `\project'
/home/travis/build/bender-wardrobe/Recast/src/headers/commands/CommandManager.h:31: warning: Member CommandManager(const CommandManager &other)=delete (function) of class CommandManager is not documented.
/home/travis/build/bender-wardrobe/Recast/src/headers/commands/CommandManager.h:33: warning: Member onCommand(ICommandSender *sender, const std::string &cmd) (function) of class CommandManager is not documented.
is/build/bender-wardrobe/Recast/src/world/models/Point.cpp...
Building group list...
Building directory list...
Building namespace list...
Building file list...
Building class list...
Associating documentation with classes...
Computing nesting relations for classes...
Building example list...
Searching for enumerations...
Searching for documented typedefs...
Searching for members imported via using declarations...
Searching for included using directives...
Searching for documented variables...
Building interface member list...
Building member list...
Searching for friends...
Searching for documented defines...
Computing class inheritance relations...
Computing class usage relations...
Flushing cached template relations that have become invalid...
Creating members for template instances...
Computing class relations...
Add enum values to enums...
Searching for member function documentation...
Building page list...
Search for main page...
Computing page relations...
Determining the scope of groups...
Sorting lists...
Freeing entry tree
Determining which enums are documented
Computing member relations...
Building full member lists recursively...
Adding members to member groups.
Computing member references...
Inheriting documentation...
Generating disk names...
Adding source references...
Adding xrefitems...
Sorting member lists...
Computing dependencies between directories...
Generating citations page...
Counting data structures...
Resolving user defined references...
Finding anchors and sections in the documentation...
Transferring function references...
Combining using relations...
Adding members to index pages...
Generating style sheet...
Generating search indices...
Generating example documentation...
Generating docs for example On...
Generating docs for example stop...
Generating file sources...
Generating code for file /home/travis/build/bender-wardrobe/Recast/src/headers/commands/CommandManager.h...
Generating code for file /home/travis/build/bender-wardrobe/Recast/src/headers/commands/ICommand.h...
Generating code for file /home/travis/build/bender-wardrobe/Recast/src/headers/commands/ICommandSender.h...
Generating code for file /home/travis/build/bender-wardrobe/Recast/src/headers/commands/StopCommand.h...
Generating code for file /home/travis/build/bender-wardrobe/Recast/src/headers/configs/Config.h...
Generating code for file /home/travis/build/bender-wardrobe/Recast/src/headers/models/Player.h...
Generating code for file /home/travis/build/bender-wardrobe/Recast/src/headers/models/Point.h...
Generating code for file /home/travis/build/bender-wardrobe/Recast/src/headers/Server.h...
Generating file documentation...
Generating docs for file /home/travis/build/bender-wardrobe/Recast/src/core/commands/CommandManager.cpp...
Generating docs for file /home/travis/build/bender-wardrobe/Recast/src/core/commands/ICommand.cpp...
Generating docs for file /home/travis/build/bender-wardrobe/Recast/src/core/commands/ICommandSender.cpp...
Generating docs for file /home/travis/build/bender-wardrobe/Recast/src/core/configs/Config.cpp...
Generating docs for file /home/travis/build/bender-wardrobe/Recast/src/headers/commands/CommandManager.h...
Generating docs for file /home/travis/build/bender-wardrobe/Recast/src/headers/commands/ICommand.h...
Generating docs for file /home/travis/build/bender-wardrobe/Recast/src/headers/configs/Config.h...
Generating docs for file /home/travis/build/bender-wardrobe/Recast/src/headers/models/Player.h...
Generating docs for file /home/travis/build/bender-wardrobe/Recast/src/headers/Server.h...
Generating docs for file /home/travis/build/bender-wardrobe/Recast/src/Main.cpp...
Generating docs for file /home/travis/build/bender-wardrobe/Recast/src/Server.cpp...
Generating docs for file /home/travis/build/bender-wardrobe/Recast/src/world/models/Player.cpp...
Generating docs for file /home/travis/build/bender-wardrobe/Recast/src/world/models/Point.cpp...
Generating page documentation...
Generating group documentation...
Generating class documentation...
Generating docs for compound CommandManager...
Gener/home/travis/build/bender-wardrobe/Recast/src/headers/configs/Config.h:26: warning: Member Config(const std::string &filename) (function) of class Config is not documented.
/home/travis/build/bender-wardrobe/Recast/src/headers/configs/Config.h:30: warning: Member Config(const Config &other)=delete (function) of class Config is not documented.
/home/travis/build/bender-wardrobe/Recast/src/headers/configs/Config.h:32: warning: Member tree() (function) of class Config is not documented.
/home/travis/build/bender-wardrobe/Recast/src/headers/configs/Config.h:34: warning: Member save() (function) of class Config is not documented.
/home/travis/build/bender-wardrobe/Recast/src/headers/configs/Config.h:36: warning: Member load() (function) of class Config is not documented.
/home/travis/build/bender-wardrobe/Recast/src/headers/configs/Config.h:38: warning: Member instance() (function) of class Config is not documented.
/home/travis/build/bender-wardrobe/Recast/src/headers/commands/ICommand.h:30: warning: Member ICommand(const ICommand &other) (function) of class ICommand is not documented.
/home/travis/build/bender-wardrobe/Recast/src/headers/commands/ICommand.h:32: warning: Member isValid(const std::string &cmd, const std::vector< std::string > &args) const =0 (function) of class ICommand is not documented.
/home/travis/build/bender-wardrobe/Recast/src/headers/commands/ICommand.h:42: warning: Member onCommand(ICommandSender &sender, const std::string &cmd, const std::vector< std::string > &args)=0 (function) of class ICommand is not documented.
/home/travis/build/bender-wardrobe/Recast/src/headers/commands/ICommandSender.h:12: warning: Member isOP() const =0 (function) of class ICommandSender is not documented.
/home/travis/build/bender-wardrobe/Recast/src/headers/commands/ICommandSender.h:14: warning: Member getServer()=0 (function) of class ICommandSender is not documented.
/home/travis/build/bender-wardrobe/Recast/src/headers/commands/ICommandSender.h:17: warning: Member getPlayer()=0 (function) of class ICommandSender is not documented.
/home/travis/build/bender-wardrobe/Recast/src/headers/commands/ICommandSender.h:19: warning: Member onMessage(const std::string &msg)=0 (function) of class ICommandSender is not documented.
/home/travis/build/bender-wardrobe/Recast/src/headers/models/Point.h:14: warning: Member Point(float x, float y, float z) (function) of class Point is not documented.
/home/travis/build/bender-wardrobe/Recast/src/headers/models/Point.h:10: warning: Member x (variable) of class Point is not documented.
/home/travis/build/bender-wardrobe/Recast/src/headers/models/Point.h:11: warning: Member y (variable) of class Point is not documented.
/home/travis/build/bender-wardrobe/Recast/src/headers/models/Point.h:12: warning: Member z (variable) of class Point is not documented.
/home/travis/build/bender-wardrobe/Recast/src/headers/Server.h:31: warning: Member Server(const Server &other)=delete (function) of class Server is not documented.
/home/travis/build/bender-wardrobe/Recast/src/headers/Server.h:33: warning: Member initServer() (function) of class Server is not documented.
/home/travis/build/bender-wardrobe/Recast/src/headers/Server.h:35: warning: Member mainLoop() (function) of class Server is not documented.
/home/travis/build/bender-wardrobe/Recast/src/headers/Server.h:37: warning: Member isOP() const  (function) of class Server is not documented.
/home/travis/build/bender-wardrobe/Recast/src/headers/Server.h:39: warning: Member getServer() (function) of class Server is not documented.
/home/travis/build/bender-wardrobe/Recast/src/headers/Server.h:41: warning: Member getPlayer() (function) of class Server is not documented.
/home/travis/build/bender-wardrobe/Recast/src/headers/Server.h:43: warning: Member onMessage(const std::string &msg) (function) of class Server is not documented.
/home/travis/build/bender-wardrobe/Recast/src/headers/Server.h:45: warning: Member shutdown() (function) of class Server is not documented.
/home/travis/build/bender-wardrobe/Recast/src/headers/commands/StopCommand.h:14: warning: Member isValid(const std::string &cmd, const std::vector< std::string > &args) const  (function) of class StopCommand is not documented.
/home/travis/build/bender-wardrobe/Recast/src/headers/commands/StopCommand.h:15: warning: Member onCommand(ICommandSender &sender, const std::string &cmd, const std::vector< std::string > &args) (function) of class StopCommand is not documented.
/home/travis/build/bender-wardrobe/Recast/src/headers/commands/ICommand.h:30: warning: Member ICommand(const ICommand &other) (function) of class ICommand is not documented.
ating docs for compound Config...
Generating docs for compound ICommand...
Generating docs for compound ICommandSender...
Generating docs for compound Player...
Generating docs for compound Point...
Generating docs for compound Server...
Generating docs for compound StopCommand...
Generating namespace index...
Generating graph info page...
Generating directory documentation...
Generating dependency graph for directory /home/travis/build/bender-wardrobe/Recast/src/headers/commands
Generating dependency graph for directory /home/travis/build/bender-wardrobe/Recast/src/core/commands
Generating dependency graph for directory /home/travis/build/bender-wardrobe/Recast/src/headers/configs
Generating dependency graph for directory /home/travis/build/bender-wardrobe/Recast/src/core/configs
Generating dependency graph for directory /home/travis/build/bender-wardrobe/Recast/src/core
Generating dependency graph for directory /home/travis/build/bender-wardrobe/Recast/src/headers
Generating dependency graph for directory /home/travis/build/bender-wardrobe/Recast/src/world/models
Generating dependency graph for directory /home/travis/build/bender-wardrobe/Recast/src/headers/models
Generating dependency graph for directory /home/travis/build/bender-wardrobe/Recast/src
Generating dependency graph for directory /home/travis/build/bender-wardrobe/Recast/src/world
Generating index page...
Generating page index...
Generating module index...
Generating namespace index...
Generating namespace member index...
Generating annotated compound index...
Generating alphabetical compound index...
Generating hierarchical class index...
Generating graphical class hierarchy...
Generating member index...
Generating file index...
Generating file member index...
Generating example index...
finalizing index lists...
Running dot...
Generating dot graphs using 3 parallel threads...
Running dot for graph 1/69
Running dot for graph 2/69
Running dot for graph 3/69
Running dot for graph 4/69
Running dot for graph 5/69
Running dot for graph 6/69
Running dot for graph 7/69
Running dot for graph 8/69
Running dot for graph 9/69
Running dot for graph 10/69
Running dot for graph 11/69
Running dot for graph 12/69
Running dot for graph 13/69
Running dot for graph 14/69
Running dot for graph 15/69
Running dot for graph 16/69
Running dot for graph 17/69
Running dot for graph 18/69
Running dot for graph 19/69
Running dot for graph 20/69
Running dot for graph 21/69
Running dot for graph 22/69
Running dot for graph 23/69
Running dot for graph 24/69
Running dot for graph 25/69
Running dot for graph 26/69
Running dot for graph 27/69
Running dot for graph 28/69
Running dot for graph 29/69
Running dot for graph 30/69
Running dot for graph 31/69
Running dot for graph 32/69
Running dot for graph 33/69
Running dot for graph 34/69
Running dot for graph 35/69
Running dot for graph 36/69
Running dot for graph 37/69
Running dot for graph 38/69
Running dot for graph 39/69
Running dot for graph 40/69
Running dot for graph 41/69
Running dot for graph 42/69
Running dot for graph 43/69
Running dot for graph 44/69
Running dot for graph 45/69
Running dot for graph 46/69
Running dot for graph 47/69
Running dot for graph 48/69
Running dot for graph 49/69
Running dot for graph 50/69
Running dot for graph 51/69
Running dot for graph 52/69
Running dot for graph 53/69
Running dot for graph 54/69
Running dot for graph 55/69
Running dot for graph 56/69
Running dot for graph 57/69
Running dot for graph 58/69
Running dot for graph 59/69
Running dot for graph 60/69
Running dot for graph 61/69
Running dot for graph 62/69
Running dot for graph 63/69
Running dot for graph 64/69
Running dot for graph 65/69
Running dot for graph 66/69
Running dot for graph 67/69
Running dot for graph 68/69
Running dot for graph 69/69
Patching output file 1/51
Patching output file 2/51
Patching output file 3/51
Patching output file 4/51
Patching output file 5/51
Patching output file 6/51
Patching output file 7/51
Patching output file 8/51
Patching output file 9/51
Patching output file 10/51
Patching output file 11/51
Patching output file 12/51
Patching output file 13/51
Patching output file 14/51
Patching output file 15/51
Patching output file 16/51
Patching output file 17/51
Patching output file 18/51
Patching output file 19/51
Patching output file 20/51
Patching output file 21/51
Patching output file 22/51
Patching output file 23/51
Patching output file 24/51
Patching output file 25/51
Patching output file 26/51
Patching output file 27/51
Patching output file 28/51
Patching output file 29/51
Patching output file 30/51
Patching output file 31/51
Patching output file 32/51
Patching output file 33/51
Patching output file 34/51
Patching output file 35/51
Patching output file 36/51
Patching output file 37/51
Patching output file 38/51
Patching output file 39/51
Patching output file 40/51
Patching output file 41/51
Patching output file 42/51
Patching output file 43/51
Patching output file 44/51
Patching output file 45/51
Patching output file 46/51
Patching output file 47/51
Patching output file 48/51
Patching output file 49/51
Patching output file 50/51
Patching output file 51/51
lookup cache used 65/65536 hits=233 misses=69
finished...
